<?xml version="1.0" encoding="UTF-8"?>
<testsuite xmlns:xsi="http://www.w3.org/2001/XMLSchema-instance" xsi:noNamespaceSchemaLocation="https://maven.apache.org/surefire/maven-surefire-plugin/xsd/surefire-test-report.xsd" version="3.0.2" name="esd.weather.wrapper.WrapperApplicationTests" time="6.694" tests="1" errors="0" skipped="0" failures="0">
  <properties>
[...]
</properties>
  <testcase name="contextLoads" classname="esd.weather.wrapper.WrapperApplicationTests" time="0.778">
    <system-out><![CDATA[21:57:51.378 [main] INFO org.springframework.test.context.support.AnnotationConfigContextLoaderUtils -- Could not detect default configuration classes for test class [esd.weather.wrapper.WrapperApplicationTests]: WrapperApplicationTests does not declare any static, non-private, non-final, nested classes annotated with @Configuration.
21:57:51.559 [main] INFO org.springframework.boot.test.context.SpringBootTestContextBootstrapper -- Found @SpringBootConfiguration esd.weather.WeatherApplication for test class esd.weather.wrapper.WrapperApplicationTests

  .   ____          _            __ _ _
 /\\ / ___'_ __ _ _(_)_ __  __ _ \ \ \ \
( ( )\___ | '_ | '_| | '_ \/ _` | \ \ \ \
 \\/  ___)| |_)| | | | | || (_| |  ) ) ) )
  '  |____| .__|_| |_|_| |_\__, | / / / /
 =========|_|==============|___/=/_/_/_/

 :: Spring Boot ::                (v3.4.3)

2025-03-16T21:57:52.124+08:00  INFO 48504 --- [wrapper] [           main] m.p.springdotenv.DotenvPropertySource    : Initializing Dotenv with DotenvConfig{directory=null, filename=null, ignoreIfMalformed=false, ignoreIfMissing=true, systemProperties=false, prefix=null}
2025-03-16T21:57:52.241+08:00  INFO 48504 --- [wrapper] [           main] e.w.wrapper.WrapperApplicationTests      : Starting WrapperApplicationTests using Java 21.0.4 with PID 48504 (started by regal in C:\Users\regal\Documents\GitHub\ESD-Weather-Wonder\backend\weather)
2025-03-16T21:57:52.243+08:00  INFO 48504 --- [wrapper] [           main] e.w.wrapper.WrapperApplicationTests      : No active profile set, falling back to 1 default profile: "default"
2025-03-16T21:57:54.052+08:00  WARN 48504 --- [wrapper] [           main] trationDelegate$BeanPostProcessorChecker : Bean 'org.springframework.ws.config.annotation.DelegatingWsConfiguration' of type [org.springframework.ws.config.annotation.DelegatingWsConfiguration$$SpringCGLIB$$0] is not eligible for getting processed by all BeanPostProcessors (for example: not eligible for auto-proxying). The currently created BeanPostProcessor [annotationActionEndpointMapping] is declared through a non-static factory method on that class; consider declaring it as static instead.
2025-03-16T21:57:54.147+08:00  INFO 48504 --- [wrapper] [           main] .w.s.a.s.AnnotationActionEndpointMapping : Supporting [WS-Addressing August 2004, WS-Addressing 1.0]
2025-03-16T21:57:55.639+08:00  INFO 48504 --- [wrapper] [           main] efaultSchemaResourceGraphQlSourceBuilder : Loaded 1 resource(s) in the GraphQL schema.
2025-03-16T21:57:56.072+08:00  INFO 48504 --- [wrapper] [           main] o.s.b.a.g.GraphQlAutoConfiguration       : GraphQL schema inspection:
	Unmapped fields: {}
	Unmapped registrations: {}
	Unmapped arguments: {}
	Skipped types: []
2025-03-16T21:57:56.125+08:00  INFO 48504 --- [wrapper] [           main] s.b.a.g.s.GraphQlWebMvcAutoConfiguration : GraphQL endpoint HTTP POST /graphql
2025-03-16T21:57:56.738+08:00  INFO 48504 --- [wrapper] [           main] o.s.b.a.e.web.EndpointLinksResolver      : Exposing 1 endpoint beneath base path '/actuator'
2025-03-16T21:57:56.852+08:00  INFO 48504 --- [wrapper] [           main] e.w.wrapper.WrapperApplicationTests      : Started WrapperApplicationTests in 5.061 seconds (process running for 6.454)
]]></system-out>
    <system-err><![CDATA[Mockito is currently self-attaching to enable the inline-mock-maker. This will no longer work in future releases of the JDK. Please add Mockito as an agent to your build what is described in Mockito's documentation: https://javadoc.io/doc/org.mockito/mockito-core/latest/org/mockito/Mockito.html#0.3
WARNING: A Java agent has been loaded dynamically (C:\Users\regal\.m2\repository\net\bytebuddy\byte-buddy-agent\1.15.11\byte-buddy-agent-1.15.11.jar)
WARNING: If a serviceability tool is in use, please run with -XX:+EnableDynamicAgentLoading to hide this warning
WARNING: If a serviceability tool is not in use, please run with -Djdk.instrument.traceUsage for more information
WARNING: Dynamic loading of agents will be disallowed by default in a future release
]]></system-err>
  </testcase>
</testsuite>