<?xml version="1.0" encoding="UTF-8"?>
<testsuite xmlns:xsi="http://www.w3.org/2001/XMLSchema-instance" xsi:noNamespaceSchemaLocation="https://maven.apache.org/surefire/maven-surefire-plugin/xsd/surefire-test-report.xsd" version="3.0.2" name="esd.emergencyweather.composite.CompositeApplicationTests" time="3.345" tests="1" errors="0" skipped="0" failures="0">
  <properties>
[...]
</properties>
  <testcase name="contextLoads" classname="esd.emergencyweather.composite.CompositeApplicationTests" time="0.741">
    <system-out><![CDATA[22:02:58.348 [main] INFO org.springframework.test.context.support.AnnotationConfigContextLoaderUtils -- Could not detect default configuration classes for test class [esd.emergencyweather.composite.CompositeApplicationTests]: CompositeApplicationTests does not declare any static, non-private, non-final, nested classes annotated with @Configuration.
22:02:58.469 [main] INFO org.springframework.boot.test.context.SpringBootTestContextBootstrapper -- Found @SpringBootConfiguration esd.emergencyweather.EmergencyWeatherApplication for test class esd.emergencyweather.composite.CompositeApplicationTests

  .   ____          _            __ _ _
 /\\ / ___'_ __ _ _(_)_ __  __ _ \ \ \ \
( ( )\___ | '_ | '_| | '_ \/ _` | \ \ \ \
 \\/  ___)| |_)| | | | | || (_| |  ) ) ) )
  '  |____| .__|_| |_|_| |_\__, | / / / /
 =========|_|==============|___/=/_/_/_/

 :: Spring Boot ::                (v3.4.3)

2025-04-07T22:02:58.906+08:00  INFO 17840 --- [           main] m.p.springdotenv.DotenvPropertySource    : Initializing Dotenv with DotenvConfig{directory=null, filename=null, ignoreIfMalformed=false, ignoreIfMissing=true, systemProperties=false, prefix=null}
2025-04-07T22:02:58.920+08:00  INFO 17840 --- [           main] e.e.composite.CompositeApplicationTests  : Starting CompositeApplicationTests using Java 21.0.4 with PID 17840 (started by regal in C:\Users\regal\Documents\GitHub\ESD-Weather-Wonder\backend\emergency_monitoring)
2025-04-07T22:02:58.921+08:00  INFO 17840 --- [           main] e.e.composite.CompositeApplicationTests  : No active profile set, falling back to 1 default profile: "default"
2025-04-07T22:03:00.598+08:00  INFO 17840 --- [           main] o.s.a.r.c.CachingConnectionFactory       : Attempting to connect to: localhost:5672
2025-04-07T22:03:00.666+08:00  INFO 17840 --- [           main] o.s.a.r.c.CachingConnectionFactory       : Created new connection: connectionFactory#724aefc3:0/SimpleConnection@370c9018 [delegate=amqp://myuser@127.0.0.1:5672/, localPort=65141]
2025-04-07T22:03:00.758+08:00  INFO 17840 --- [           main] e.e.composite.CompositeApplicationTests  : Started CompositeApplicationTests in 2.081 seconds (process running for 3.011)
Attempt 1: Sending message with correlation ID: be0dbaae-0c90-49d9-b4b4-fed6eb687201
Received reply for correlation ID be0dbaae-0c90-49d9-b4b4-fed6eb687201: 200
Message successfully processed after 1 attempt(s)
]]></system-out>
    <system-err><![CDATA[Mockito is currently self-attaching to enable the inline-mock-maker. This will no longer work in future releases of the JDK. Please add Mockito as an agent to your build what is described in Mockito's documentation: https://javadoc.io/doc/org.mockito/mockito-core/latest/org/mockito/Mockito.html#0.3
WARNING: A Java agent has been loaded dynamically (C:\Users\regal\.m2\repository\net\bytebuddy\byte-buddy-agent\1.15.11\byte-buddy-agent-1.15.11.jar)
WARNING: If a serviceability tool is in use, please run with -XX:+EnableDynamicAgentLoading to hide this warning
WARNING: If a serviceability tool is not in use, please run with -Djdk.instrument.traceUsage for more information
WARNING: Dynamic loading of agents will be disallowed by default in a future release
]]></system-err>
  </testcase>
</testsuite>