<?xml version="1.0" encoding="UTF-8"?>
<testsuite xmlns:xsi="http://www.w3.org/2001/XMLSchema-instance" xsi:noNamespaceSchemaLocation="https://maven.apache.org/surefire/maven-surefire-plugin/xsd/surefire-test-report.xsd" version="3.0.2" name="esd.notification.NotificationApplicationTests" time="17.884" tests="1" errors="0" skipped="0" failures="0">
  <properties>
[...]
</properties>
  <testcase name="contextLoads" classname="esd.notification.NotificationApplicationTests" time="1.443">
    <system-out><![CDATA[18:08:00.468 [main] INFO org.springframework.test.context.support.AnnotationConfigContextLoaderUtils -- Could not detect default configuration classes for test class [esd.notification.NotificationApplicationTests]: NotificationApplicationTests does not declare any static, non-private, non-final, nested classes annotated with @Configuration.
18:08:00.683 [main] INFO org.springframework.boot.test.context.SpringBootTestContextBootstrapper -- Found @SpringBootConfiguration esd.notification.NotificationApplication for test class esd.notification.NotificationApplicationTests
18:08:01.193 [main] INFO org.springframework.boot.devtools.restart.RestartApplicationListener -- Restart disabled due to context in which it is running

  .   ____          _            __ _ _
 /\\ / ___'_ __ _ _(_)_ __  __ _ \ \ \ \
( ( )\___ | '_ | '_| | '_ \/ _` | \ \ \ \
 \\/  ___)| |_)| | | | | || (_| |  ) ) ) )
  '  |____| .__|_| |_|_| |_\__, | / / / /
 =========|_|==============|___/=/_/_/_/

 :: Spring Boot ::                (v3.4.3)

2025-03-28T18:08:01.771+08:00  INFO 12356 --- [notification] [           main] m.p.springdotenv.DotenvPropertySource    : Initializing Dotenv with DotenvConfig{directory=null, filename=null, ignoreIfMalformed=false, ignoreIfMissing=true, systemProperties=false, prefix=null}
2025-03-28T18:08:01.803+08:00  INFO 12356 --- [notification] [           main] e.n.NotificationApplicationTests         : Starting NotificationApplicationTests using Java 21.0.4 with PID 12356 (started by regal in C:\Users\regal\Documents\GitHub\ESD-Weather-Wonder\backend\notification)
2025-03-28T18:08:01.803+08:00  INFO 12356 --- [notification] [           main] e.n.NotificationApplicationTests         : No active profile set, falling back to 1 default profile: "default"
2025-03-28T18:08:06.046+08:00  INFO 12356 --- [notification] [           main] o.s.a.r.c.CachingConnectionFactory       : Attempting to connect to: localhost:5672
2025-03-28T18:08:06.232+08:00  INFO 12356 --- [notification] [           main] o.s.a.r.c.CachingConnectionFactory       : Created new connection: connectionFactory#2b7e8044:0/SimpleConnection@224c7de4 [delegate=amqp://myuser@127.0.0.1:5672/, localPort=56652]
2025-03-28T18:08:06.443+08:00  INFO 12356 --- [notification] [           main] e.n.NotificationApplicationTests         : Started NotificationApplicationTests in 5.286 seconds (process running for 7.437)
]]></system-out>
    <system-err><![CDATA[Mockito is currently self-attaching to enable the inline-mock-maker. This will no longer work in future releases of the JDK. Please add Mockito as an agent to your build what is described in Mockito's documentation: https://javadoc.io/doc/org.mockito/mockito-core/latest/org/mockito/Mockito.html#0.3
WARNING: A Java agent has been loaded dynamically (C:\Users\regal\.m2\repository\net\bytebuddy\byte-buddy-agent\1.15.11\byte-buddy-agent-1.15.11.jar)
WARNING: If a serviceability tool is in use, please run with -XX:+EnableDynamicAgentLoading to hide this warning
WARNING: If a serviceability tool is not in use, please run with -Djdk.instrument.traceUsage for more information
WARNING: Dynamic loading of agents will be disallowed by default in a future release
]]></system-err>
  </testcase>
</testsuite>